  AsioIOServicePool.cpp
  Please define _WIN32_WINNT or _WIN32_WINDOWS appropriately. For example:
  - add -D_WIN32_WINNT=0x0601 to the compiler command line; or
  - add _WIN32_WINNT=0x0601 to your project's Preprocessor Definitions.
  Assuming _WIN32_WINNT=0x0601 (i.e. Windows 7 target).
  ChatGrpcClient.cpp
  Please define _WIN32_WINNT or _WIN32_WINDOWS appropriately. For example:
  - add -D_WIN32_WINNT=0x0601 to the compiler command line; or
  - add _WIN32_WINNT=0x0601 to your project's Preprocessor Definitions.
  Assuming _WIN32_WINNT=0x0601 (i.e. Windows 7 target).
  ConfigMgr.cpp
  message.grpc.pb.cc
  message.pb.cc
F:\04Code\C++\StatusServer\message.pb.cc(880,67): warning C4244: “=”: 从“google::protobuf::uint64”转换到“google::protobuf::int32”，可能丢失数据
F:\04Code\C++\StatusServer\message.pb.cc(1137,65): warning C4244: “=”: 从“google::protobuf::uint64”转换到“google::protobuf::int32”，可能丢失数据
F:\04Code\C++\StatusServer\message.pb.cc(1359,67): warning C4244: “=”: 从“google::protobuf::uint64”转换到“google::protobuf::int32”，可能丢失数据
F:\04Code\C++\StatusServer\message.pb.cc(1655,65): warning C4244: “=”: 从“google::protobuf::uint64”转换到“google::protobuf::int32”，可能丢失数据
F:\04Code\C++\StatusServer\message.pb.cc(1897,67): warning C4244: “=”: 从“google::protobuf::uint64”转换到“google::protobuf::int32”，可能丢失数据
F:\04Code\C++\StatusServer\message.pb.cc(1904,65): warning C4244: “=”: 从“google::protobuf::uint64”转换到“google::protobuf::int32”，可能丢失数据
F:\04Code\C++\StatusServer\message.pb.cc(2175,70): warning C4244: “=”: 从“google::protobuf::uint64”转换到“google::protobuf::int32”，可能丢失数据
F:\04Code\C++\StatusServer\message.pb.cc(2200,67): warning C4244: “=”: 从“google::protobuf::uint64”转换到“google::protobuf::int32”，可能丢失数据
F:\04Code\C++\StatusServer\message.pb.cc(2466,67): warning C4244: “=”: 从“google::protobuf::uint64”转换到“google::protobuf::int32”，可能丢失数据
F:\04Code\C++\StatusServer\message.pb.cc(2473,70): warning C4244: “=”: 从“google::protobuf::uint64”转换到“google::protobuf::int32”，可能丢失数据
F:\04Code\C++\StatusServer\message.pb.cc(2480,67): warning C4244: “=”: 从“google::protobuf::uint64”转换到“google::protobuf::int32”，可能丢失数据
F:\04Code\C++\StatusServer\message.pb.cc(2720,69): warning C4244: “=”: 从“google::protobuf::uint64”转换到“google::protobuf::int32”，可能丢失数据
F:\04Code\C++\StatusServer\message.pb.cc(2734,67): warning C4244: “=”: 从“google::protobuf::uint64”转换到“google::protobuf::int32”，可能丢失数据
F:\04Code\C++\StatusServer\message.pb.cc(2972,67): warning C4244: “=”: 从“google::protobuf::uint64”转换到“google::protobuf::int32”，可能丢失数据
F:\04Code\C++\StatusServer\message.pb.cc(2979,69): warning C4244: “=”: 从“google::protobuf::uint64”转换到“google::protobuf::int32”，可能丢失数据
F:\04Code\C++\StatusServer\message.pb.cc(2986,67): warning C4244: “=”: 从“google::protobuf::uint64”转换到“google::protobuf::int32”，可能丢失数据
F:\04Code\C++\StatusServer\message.pb.cc(3235,69): warning C4244: “=”: 从“google::protobuf::uint64”转换到“google::protobuf::int32”，可能丢失数据
F:\04Code\C++\StatusServer\message.pb.cc(3242,67): warning C4244: “=”: 从“google::protobuf::uint64”转换到“google::protobuf::int32”，可能丢失数据
F:\04Code\C++\StatusServer\message.pb.cc(3496,67): warning C4244: “=”: 从“google::protobuf::uint64”转换到“google::protobuf::int32”，可能丢失数据
F:\04Code\C++\StatusServer\message.pb.cc(3503,69): warning C4244: “=”: 从“google::protobuf::uint64”转换到“google::protobuf::int32”，可能丢失数据
F:\04Code\C++\StatusServer\message.pb.cc(3510,67): warning C4244: “=”: 从“google::protobuf::uint64”转换到“google::protobuf::int32”，可能丢失数据
F:\04Code\C++\StatusServer\message.pb.cc(3750,69): warning C4244: “=”: 从“google::protobuf::uint64”转换到“google::protobuf::int32”，可能丢失数据
F:\04Code\C++\StatusServer\message.pb.cc(3757,67): warning C4244: “=”: 从“google::protobuf::uint64”转换到“google::protobuf::int32”，可能丢失数据
F:\04Code\C++\StatusServer\message.pb.cc(3981,67): warning C4244: “=”: 从“google::protobuf::uint64”转换到“google::protobuf::int32”，可能丢失数据
F:\04Code\C++\StatusServer\message.pb.cc(3988,69): warning C4244: “=”: 从“google::protobuf::uint64”转换到“google::protobuf::int32”，可能丢失数据
F:\04Code\C++\StatusServer\message.pb.cc(3995,67): warning C4244: “=”: 从“google::protobuf::uint64”转换到“google::protobuf::int32”，可能丢失数据
F:\04Code\C++\StatusServer\message.pb.cc(4239,69): warning C4244: “=”: 从“google::protobuf::uint64”转换到“google::protobuf::int32”，可能丢失数据
F:\04Code\C++\StatusServer\message.pb.cc(4246,67): warning C4244: “=”: 从“google::protobuf::uint64”转换到“google::protobuf::int32”，可能丢失数据
F:\04Code\C++\StatusServer\message.pb.cc(4750,67): warning C4244: “=”: 从“google::protobuf::uint64”转换到“google::protobuf::int32”，可能丢失数据
F:\04Code\C++\StatusServer\message.pb.cc(4757,69): warning C4244: “=”: 从“google::protobuf::uint64”转换到“google::protobuf::int32”，可能丢失数据
F:\04Code\C++\StatusServer\message.pb.cc(4764,67): warning C4244: “=”: 从“google::protobuf::uint64”转换到“google::protobuf::int32”，可能丢失数据
  MysqlDao.cpp
  Please define _WIN32_WINNT or _WIN32_WINDOWS appropriately. For example:
  - add -D_WIN32_WINNT=0x0601 to the compiler command line; or
  - add _WIN32_WINNT=0x0601 to your project's Preprocessor Definitions.
  Assuming _WIN32_WINNT=0x0601 (i.e. Windows 7 target).
F:\04Code\C++\StatusServer\MysqlDao.h(45,1): warning C4267: “初始化”: 从“size_t”转换到“int”，可能丢失数据
  MysqlMgr.cpp
  Please define _WIN32_WINNT or _WIN32_WINDOWS appropriately. For example:
  - add -D_WIN32_WINNT=0x0601 to the compiler command line; or
  - add _WIN32_WINNT=0x0601 to your project's Preprocessor Definitions.
  Assuming _WIN32_WINNT=0x0601 (i.e. Windows 7 target).
F:\04Code\C++\StatusServer\MysqlDao.h(45,1): warning C4267: “初始化”: 从“size_t”转换到“int”，可能丢失数据
  RedisMgr.cpp
  Please define _WIN32_WINNT or _WIN32_WINDOWS appropriately. For example:
  - add -D_WIN32_WINNT=0x0601 to the compiler command line; or
  - add _WIN32_WINNT=0x0601 to your project's Preprocessor Definitions.
  Assuming _WIN32_WINNT=0x0601 (i.e. Windows 7 target).
  StatusServer.cpp
  Please define _WIN32_WINNT or _WIN32_WINDOWS appropriately. For example:
  - add -D_WIN32_WINNT=0x0601 to the compiler command line; or
  - add _WIN32_WINNT=0x0601 to your project's Preprocessor Definitions.
  Assuming _WIN32_WINNT=0x0601 (i.e. Windows 7 target).
F:\04Code\C++\StatusServer\MysqlDao.h(45,1): warning C4267: “初始化”: 从“size_t”转换到“int”，可能丢失数据
  StatusServiceImpl.cpp
  正在生成代码...
  StatusServer.vcxproj -> F:\04Code\C++\StatusServer\x64\Debug\StatusServer.exe
  F:\04Code\C++\StatusServer\config.ini
  复制了 1 个文件
  F:\04Code\C++\StatusServer\mysqlcppconn-9-vs14.dll
  F:\04Code\C++\StatusServer\mysqlcppconn8-2-vs14.dll
  复制了 2 个文件
